  main.cpp
main.obj : error LNK2001: simbolo esterno __imp_glClear non risolto
glfw3.lib(win32_init.obj) : error LNK2001: simbolo esterno __imp_TranslateMessage non risolto
glfw3.lib(win32_window.obj) : error LNK2001: simbolo esterno __imp_TranslateMessage non risolto
glfw3.lib(win32_init.obj) : error LNK2001: simbolo esterno __imp_DispatchMessageW non risolto
glfw3.lib(win32_window.obj) : error LNK2001: simbolo esterno __imp_DispatchMessageW non risolto
glfw3.lib(win32_init.obj) : error LNK2001: simbolo esterno __imp_PeekMessageW non risolto
glfw3.lib(win32_window.obj) : error LNK2001: simbolo esterno __imp_PeekMessageW non risolto
glfw3.lib(win32_init.obj) : error LNK2001: simbolo esterno __imp_RegisterDeviceNotificationW non risolto
glfw3.lib(win32_init.obj) : error LNK2001: simbolo esterno __imp_UnregisterDeviceNotification non risolto
glfw3.lib(win32_init.obj) : error LNK2001: simbolo esterno __imp_CreateWindowExW non risolto
glfw3.lib(win32_window.obj) : error LNK2001: simbolo esterno __imp_CreateWindowExW non risolto
glfw3.lib(win32_init.obj) : error LNK2001: simbolo esterno __imp_DestroyWindow non risolto
glfw3.lib(win32_window.obj) : error LNK2001: simbolo esterno __imp_DestroyWindow non risolto
glfw3.lib(win32_init.obj) : error LNK2001: simbolo esterno __imp_ShowWindow non risolto
glfw3.lib(win32_window.obj) : error LNK2001: simbolo esterno __imp_ShowWindow non risolto
glfw3.lib(win32_init.obj) : error LNK2001: simbolo esterno __imp_ToUnicode non risolto
glfw3.lib(win32_init.obj) : error LNK2001: simbolo esterno __imp_MapVirtualKeyW non risolto
glfw3.lib(win32_window.obj) : error LNK2001: simbolo esterno __imp_MapVirtualKeyW non risolto
glfw3.lib(win32_init.obj) : error LNK2001: simbolo esterno __imp_SystemParametersInfoW non risolto
glfw3.lib(win32_window.obj) : error LNK2001: simbolo esterno __imp_SystemParametersInfoW non risolto
glfw3.lib(win32_monitor.obj) : error LNK2001: simbolo esterno __imp_CreateDCW non risolto
glfw3.lib(win32_monitor.obj) : error LNK2001: simbolo esterno __imp_DeleteDC non risolto
glfw3.lib(win32_monitor.obj) : error LNK2001: simbolo esterno __imp_GetDeviceCaps non risolto
glfw3.lib(win32_monitor.obj) : error LNK2001: simbolo esterno __imp_GetDeviceGammaRamp non risolto
glfw3.lib(win32_monitor.obj) : error LNK2001: simbolo esterno __imp_SetDeviceGammaRamp non risolto
glfw3.lib(win32_monitor.obj) : error LNK2001: simbolo esterno __imp_GetDC non risolto
glfw3.lib(win32_window.obj) : error LNK2001: simbolo esterno __imp_GetDC non risolto
glfw3.lib(wgl_context.obj) : error LNK2001: simbolo esterno __imp_GetDC non risolto
glfw3.lib(win32_monitor.obj) : error LNK2001: simbolo esterno __imp_ReleaseDC non risolto
glfw3.lib(win32_window.obj) : error LNK2001: simbolo esterno __imp_ReleaseDC non risolto
glfw3.lib(win32_monitor.obj) : error LNK2001: simbolo esterno __imp_ChangeDisplaySettingsExW non risolto
glfw3.lib(win32_monitor.obj) : error LNK2001: simbolo esterno __imp_EnumDisplaySettingsW non risolto
glfw3.lib(win32_monitor.obj) : error LNK2001: simbolo esterno __imp_EnumDisplaySettingsExW non risolto
glfw3.lib(win32_monitor.obj) : error LNK2001: simbolo esterno __imp_EnumDisplayDevicesW non risolto
glfw3.lib(win32_monitor.obj) : error LNK2001: simbolo esterno __imp_GetMonitorInfoW non risolto
glfw3.lib(win32_window.obj) : error LNK2001: simbolo esterno __imp_GetMonitorInfoW non risolto
glfw3.lib(win32_monitor.obj) : error LNK2001: simbolo esterno __imp_EnumDisplayMonitors non risolto
glfw3.lib(win32_window.obj) : error LNK2001: simbolo esterno __imp_CreateBitmap non risolto
glfw3.lib(win32_window.obj) : error LNK2001: simbolo esterno __imp_CreateRectRgn non risolto
glfw3.lib(win32_window.obj) : error LNK2001: simbolo esterno __imp_DeleteObject non risolto
glfw3.lib(win32_window.obj) : error LNK2001: simbolo esterno __imp_CreateDIBSection non risolto
glfw3.lib(win32_window.obj) : error LNK2001: simbolo esterno __imp_TrackMouseEvent non risolto
glfw3.lib(win32_window.obj) : error LNK2001: simbolo esterno __imp_GetMessageTime non risolto
glfw3.lib(win32_window.obj) : error LNK2001: simbolo esterno __imp_SendMessageW non risolto
glfw3.lib(win32_window.obj) : error LNK2001: simbolo esterno __imp_PostMessageW non risolto
glfw3.lib(win32_window.obj) : error LNK2001: simbolo esterno __imp_WaitMessage non risolto
glfw3.lib(win32_window.obj) : error LNK2001: simbolo esterno __imp_DefWindowProcW non risolto
glfw3.lib(win32_window.obj) : error LNK2001: simbolo esterno __imp_UnregisterClassW non risolto
glfw3.lib(win32_window.obj) : error LNK2001: simbolo esterno __imp_RegisterClassExW non risolto
glfw3.lib(win32_window.obj) : error LNK2001: simbolo esterno __imp_GetLayeredWindowAttributes non risolto
glfw3.lib(win32_window.obj) : error LNK2001: simbolo esterno __imp_SetLayeredWindowAttributes non risolto
glfw3.lib(win32_window.obj) : error LNK2001: simbolo esterno __imp_FlashWindow non risolto
glfw3.lib(win32_window.obj) : error LNK2001: simbolo esterno __imp_MoveWindow non risolto
glfw3.lib(win32_window.obj) : error LNK2001: simbolo esterno __imp_SetWindowPos non risolto
glfw3.lib(win32_window.obj) : error LNK2001: simbolo esterno __imp_GetWindowPlacement non risolto
glfw3.lib(win32_window.obj) : error LNK2001: simbolo esterno __imp_SetWindowPlacement non risolto
glfw3.lib(win32_window.obj) : error LNK2001: simbolo esterno __imp_IsWindowVisible non risolto
glfw3.lib(win32_window.obj) : error LNK2001: simbolo esterno __imp_IsIconic non risolto
glfw3.lib(win32_window.obj) : error LNK2001: simbolo esterno __imp_BringWindowToTop non risolto
glfw3.lib(win32_window.obj) : error LNK2001: simbolo esterno __imp_IsZoomed non risolto
glfw3.lib(win32_window.obj) : error LNK2001: simbolo esterno __imp_OpenClipboard non risolto
glfw3.lib(win32_window.obj) : error LNK2001: simbolo esterno __imp_CloseClipboard non risolto
glfw3.lib(win32_window.obj) : error LNK2001: simbolo esterno __imp_SetClipboardData non risolto
glfw3.lib(win32_window.obj) : error LNK2001: simbolo esterno __imp_GetClipboardData non risolto
glfw3.lib(win32_window.obj) : error LNK2001: simbolo esterno __imp_EmptyClipboard non risolto
glfw3.lib(win32_window.obj) : error LNK2001: simbolo esterno __imp_SetFocus non risolto
glfw3.lib(win32_window.obj) : error LNK2001: simbolo esterno __imp_GetActiveWindow non risolto
glfw3.lib(win32_window.obj) : error LNK2001: simbolo esterno __imp_GetKeyState non risolto
glfw3.lib(win32_window.obj) : error LNK2001: simbolo esterno __imp_SetCapture non risolto
glfw3.lib(win32_window.obj) : error LNK2001: simbolo esterno __imp_ReleaseCapture non risolto
glfw3.lib(win32_window.obj) : error LNK2001: simbolo esterno __imp_MsgWaitForMultipleObjects non risolto
glfw3.lib(win32_window.obj) : error LNK2001: simbolo esterno __imp_GetSystemMetrics non risolto
glfw3.lib(win32_window.obj) : error LNK2001: simbolo esterno __imp_SetForegroundWindow non risolto
glfw3.lib(win32_window.obj) : error LNK2001: simbolo esterno __imp_RedrawWindow non risolto
glfw3.lib(win32_window.obj) : error LNK2001: simbolo esterno __imp_SetPropW non risolto
glfw3.lib(win32_window.obj) : error LNK2001: simbolo esterno __imp_GetPropW non risolto
glfw3.lib(win32_window.obj) : error LNK2001: simbolo esterno __imp_RemovePropW non risolto
glfw3.lib(win32_window.obj) : error LNK2001: simbolo esterno __imp_SetWindowTextW non risolto
glfw3.lib(win32_window.obj) : error LNK2001: simbolo esterno __imp_GetClientRect non risolto
glfw3.lib(win32_window.obj) : error LNK2001: simbolo esterno __imp_GetWindowRect non risolto
glfw3.lib(win32_window.obj) : error LNK2001: simbolo esterno __imp_AdjustWindowRectEx non risolto
glfw3.lib(win32_window.obj) : error LNK2001: simbolo esterno __imp_SetCursorPos non risolto
glfw3.lib(win32_window.obj) : error LNK2001: simbolo esterno __imp_SetCursor non risolto
glfw3.lib(win32_window.obj) : error LNK2001: simbolo esterno __imp_GetCursorPos non risolto
glfw3.lib(win32_window.obj) : error LNK2001: simbolo esterno __imp_ClientToScreen non risolto
glfw3.lib(win32_window.obj) : error LNK2001: simbolo esterno __imp_ScreenToClient non risolto
glfw3.lib(win32_window.obj) : error LNK2001: simbolo esterno __imp_WindowFromPoint non risolto
glfw3.lib(win32_window.obj) : error LNK2001: simbolo esterno __imp_ClipCursor non risolto
glfw3.lib(win32_window.obj) : error LNK2001: simbolo esterno __imp_SetRect non risolto
glfw3.lib(win32_window.obj) : error LNK2001: simbolo esterno __imp_PtInRect non risolto
glfw3.lib(win32_window.obj) : error LNK2001: simbolo esterno __imp_GetWindowLongW non risolto
glfw3.lib(win32_window.obj) : error LNK2001: simbolo esterno __imp_SetWindowLongW non risolto
glfw3.lib(win32_window.obj) : error LNK2001: simbolo esterno __imp_GetClassLongPtrW non risolto
glfw3.lib(win32_window.obj) : error LNK2001: simbolo esterno __imp_LoadCursorW non risolto
glfw3.lib(win32_window.obj) : error LNK2001: simbolo esterno __imp_DestroyIcon non risolto
glfw3.lib(win32_window.obj) : error LNK2001: simbolo esterno __imp_LoadImageW non risolto
glfw3.lib(win32_window.obj) : error LNK2001: simbolo esterno __imp_CreateIconIndirect non risolto
glfw3.lib(win32_window.obj) : error LNK2001: simbolo esterno __imp_MonitorFromWindow non risolto
glfw3.lib(win32_window.obj) : error LNK2001: simbolo esterno __imp_GetRawInputData non risolto
glfw3.lib(win32_window.obj) : error LNK2001: simbolo esterno __imp_RegisterRawInputDevices non risolto
glfw3.lib(win32_window.obj) : error LNK2001: simbolo esterno __imp_DragQueryFileW non risolto
glfw3.lib(win32_window.obj) : error LNK2001: simbolo esterno __imp_DragQueryPoint non risolto
glfw3.lib(win32_window.obj) : error LNK2001: simbolo esterno __imp_DragFinish non risolto
glfw3.lib(win32_window.obj) : error LNK2001: simbolo esterno __imp_DragAcceptFiles non risolto
glfw3.lib(win32_joystick.obj) : error LNK2001: simbolo esterno __imp_GetRawInputDeviceInfoA non risolto
glfw3.lib(win32_joystick.obj) : error LNK2001: simbolo esterno __imp_GetRawInputDeviceList non risolto
glfw3.lib(wgl_context.obj) : error LNK2001: simbolo esterno __imp_ChoosePixelFormat non risolto
glfw3.lib(wgl_context.obj) : error LNK2001: simbolo esterno __imp_DescribePixelFormat non risolto
glfw3.lib(wgl_context.obj) : error LNK2001: simbolo esterno __imp_SetPixelFormat non risolto
glfw3.lib(wgl_context.obj) : error LNK2001: simbolo esterno __imp_SwapBuffers non risolto
C:\Users\candi\OneDrive\Desktop\V_Studio_Source\opengl\x64\Release\opengl.exe : fatal error LNK1120: 98 esterni non risolti
